
 Badgeuse Pro -> http://localhost:3000
 Donnees : badgeuse.db (local, 0 tiers)
 Admin   : onglet Administration > admin / admin1234


 Badgeuse Pro -> http://localhost:3000
 Donnees : badgeuse.db (local, 0 tiers)
 Admin   : onglet Administration > admin / admin1234


 Badgeuse Pro -> http://localhost:3000
 Donnees : badgeuse.db (local, 0 tiers)
 Admin   : onglet Administration > admin / admin1234

node:internal/modules/cjs/loader:1479
  throw err;
  ^

Error: Cannot find module 'bcryptjs'
Require stack:
- /Users/thomas/app/badgeuse/server.js
    at Module._resolveFilename (node:internal/modules/cjs/loader:1476:15)
    at wrapResolveFilename (node:internal/modules/cjs/loader:1049:27)
    at defaultResolveImplForCJSLoading (node:internal/modules/cjs/loader:1073:10)
    at resolveForCJSWithHooks (node:internal/modules/cjs/loader:1094:12)
    at Module._load (node:internal/modules/cjs/loader:1262:25)
    at wrapModuleLoad (node:internal/modules/cjs/loader:255:19)
    at Module.require (node:internal/modules/cjs/loader:1576:12)
    at require (node:internal/modules/helpers:153:16)
    at Object.<anonymous> (/Users/thomas/app/badgeuse/server.js:9:17)
    at Module._compile (node:internal/modules/cjs/loader:1830:14) {
  code: 'MODULE_NOT_FOUND',
  requireStack: [ '/Users/thomas/app/badgeuse/server.js' ]
}

Node.js v24.15.0

🏢  Badgeuse Pro → http://localhost:3000
🔒  Données  : badgeuse.db (local, zéro tiers)
📋  Logs     : security.log
🛡️   Sécurité : bcrypt + rate limiting + brute-force protection

[2026-05-06 14:35:51] [WARN] UNAUTH_ACCESS | ip=127.0.0.1 | /api/admin/pointings
[2026-05-06 14:35:58] [WARN] LOGIN_FAIL | ip=127.0.0.1 | Tentative échouée (4 restantes)
[2026-05-06 14:36:34] [WARN] LOGIN_FAIL | ip=127.0.0.1 | Tentative échouée (3 restantes)

🏢  Badgeuse Pro → http://localhost:3000
🔒  Données  : badgeuse.db (local, zéro tiers)
📋  Logs     : security.log
🛡️   Sécurité : bcrypt + rate limiting + brute-force protection

[2026-05-06 14:37:36] [WARN] UNAUTH_ACCESS | ip=127.0.0.1 | /api/admin/pointings
[2026-05-06 14:38:27] [WARN] LOGIN_FAIL | ip=127.0.0.1 | Tentative échouée (4 restantes)
[2026-05-06 15:19:33] [WARN] UNAUTH_ACCESS | ip=192.168.1.2 | /api/admin/pointings
[2026-05-06 15:30:36] [WARN] UNAUTH_ACCESS | ip=192.168.1.2 | /api/admin/pointings
node:events:487
      throw er; // Unhandled 'error' event
      ^

Error: listen EADDRINUSE: address already in use 0.0.0.0:3000
    at Server.setupListenHandle [as _listen2] (node:net:2008:16)
    at listenInCluster (node:net:2065:12)
    at node:net:2274:7
    at process.processTicksAndRejections (node:internal/process/task_queues:90:21)
Emitted 'error' event on Server instance at:
    at emitErrorNT (node:net:2044:8)
    at process.processTicksAndRejections (node:internal/process/task_queues:90:21) {
  code: 'EADDRINUSE',
  errno: -48,
  syscall: 'listen',
  address: '0.0.0.0',
  port: 3000
}

Node.js v24.15.0
[2026-05-06 15:51:16] [WARN] UNAUTH_ACCESS | ip=127.0.0.1 | /api/admin/pointings

🏢  Badgeuse Pro → http://localhost:3000
🔒  Données  : badgeuse.db (local, zéro tiers)
📋  Logs     : security.log
🛡️   Sécurité : bcrypt + rate limiting + brute-force protection

[2026-05-06 15:52:39] [WARN] UNAUTH_ACCESS | ip=127.0.0.1 | /api/admin/pointings
/Users/thomas/app/badgeuse/node_modules/sql.js/dist/sql-wasm.js:90
this.Sa={},this.Za&&(A(this.Za),this.Za=void 0),this.handleError(w(this.db)),ua("/"+this.filename),this.db=null)};e.prototype.handleError=function(f){if(0===f)return null;f=rc(this.db);throw Error(f);};e.prototype.Rb=function(){return x(this.db)};e.prototype.Kb=function(f,l){Object.prototype.hasOwnProperty.call(this.Sa,f)&&(A(this.Sa[f]),delete this.Sa[f]);var n=va(function(p,u,v){u=b(u,v);try{var K=l.apply(null,u)}catch(I){sa(p,I,-1);return}a(p,K)},"viii");this.Sa[f]=n;this.handleError(tb(this.db,
                                                                                                                                                                                               ^

Error: table allowed_ips has no column named is_subnet
    at e.handleError (/Users/thomas/app/badgeuse/node_modules/sql.js/dist/sql-wasm.js:90:192)
    at e.tb (/Users/thomas/app/badgeuse/node_modules/sql.js/dist/sql-wasm.js:88:454)
    at e.run (/Users/thomas/app/badgeuse/node_modules/sql.js/dist/sql-wasm.js:87:209)
    at run (/Users/thomas/app/badgeuse/server.js:74:30)
    at Server.<anonymous> (/Users/thomas/app/badgeuse/server.js:351:5)
    at process.processTicksAndRejections (node:internal/process/task_queues:104:5)

Node.js v24.15.0

🏢  Badgeuse Pro → http://localhost:3000
🔒  Données  : badgeuse.db (local, zéro tiers)
📋  Logs     : security.log
🛡️   Sécurité : bcrypt + rate limiting + brute-force protection

[2026-05-06 15:56:25] [WARN] UNAUTH_ACCESS | ip=192.168.1.2 | /api/admin/pointings
[2026-05-06 15:56:28] [WARN] UNAUTH_ACCESS | ip=192.168.1.2 | /api/admin/pointings
/Users/thomas/app/badgeuse/node_modules/sql.js/dist/sql-wasm.js:90
this.Sa={},this.Za&&(A(this.Za),this.Za=void 0),this.handleError(w(this.db)),ua("/"+this.filename),this.db=null)};e.prototype.handleError=function(f){if(0===f)return null;f=rc(this.db);throw Error(f);};e.prototype.Rb=function(){return x(this.db)};e.prototype.Kb=function(f,l){Object.prototype.hasOwnProperty.call(this.Sa,f)&&(A(this.Sa[f]),delete this.Sa[f]);var n=va(function(p,u,v){u=b(u,v);try{var K=l.apply(null,u)}catch(I){sa(p,I,-1);return}a(p,K)},"viii");this.Sa[f]=n;this.handleError(tb(this.db,
                                                                                                                                                                                               ^

Error: no such column: is_subnet
    at e.handleError (/Users/thomas/app/badgeuse/node_modules/sql.js/dist/sql-wasm.js:90:192)
    at e.tb (/Users/thomas/app/badgeuse/node_modules/sql.js/dist/sql-wasm.js:88:454)
    at qAll (/Users/thomas/app/badgeuse/server.js:72:39)
    at isAllowedIp (/Users/thomas/app/badgeuse/server.js:147:17)
    at Server.<anonymous> (/Users/thomas/app/badgeuse/server.js:201:9)
    at Server.emit (node:events:509:28)
    at parserOnIncoming (node:_http_server:1213:12)
    at HTTPParser.parserOnHeadersComplete (node:_http_common:125:17)

Node.js v24.15.0

🏢  Badgeuse Pro → http://localhost:3000
🔒  Données  : badgeuse.db (local, zéro tiers)
📋  Logs     : security.log
🛡️   Sécurité : bcrypt + rate limiting + brute-force protection

[2026-05-06 16:00:17] [WARN] UNAUTH_ACCESS | ip=127.0.0.1 | /api/admin/pointings
/Users/thomas/app/badgeuse/node_modules/sql.js/dist/sql-wasm.js:90
this.Sa={},this.Za&&(A(this.Za),this.Za=void 0),this.handleError(w(this.db)),ua("/"+this.filename),this.db=null)};e.prototype.handleError=function(f){if(0===f)return null;f=rc(this.db);throw Error(f);};e.prototype.Rb=function(){return x(this.db)};e.prototype.Kb=function(f,l){Object.prototype.hasOwnProperty.call(this.Sa,f)&&(A(this.Sa[f]),delete this.Sa[f]);var n=va(function(p,u,v){u=b(u,v);try{var K=l.apply(null,u)}catch(I){sa(p,I,-1);return}a(p,K)},"viii");this.Sa[f]=n;this.handleError(tb(this.db,
                                                                                                                                                                                               ^

Error: table allowed_ips has no column named is_subnet
    at e.handleError (/Users/thomas/app/badgeuse/node_modules/sql.js/dist/sql-wasm.js:90:192)
    at e.tb (/Users/thomas/app/badgeuse/node_modules/sql.js/dist/sql-wasm.js:88:454)
    at e.run (/Users/thomas/app/badgeuse/node_modules/sql.js/dist/sql-wasm.js:87:209)
    at run (/Users/thomas/app/badgeuse/server.js:74:30)
    at Server.<anonymous> (/Users/thomas/app/badgeuse/server.js:351:5)
    at process.processTicksAndRejections (node:internal/process/task_queues:104:5)

Node.js v24.15.0

🏢  Badgeuse Pro → http://localhost:3000
🔒  Données  : badgeuse.db (local, zéro tiers)
📋  Logs     : security.log
🛡️   Sécurité : bcrypt + rate limiting + brute-force protection

[2026-05-06 16:01:38] [WARN] UNAUTH_ACCESS | ip=127.0.0.1 | /api/admin/pointings
/Users/thomas/app/badgeuse/node_modules/sql.js/dist/sql-wasm.js:90
this.Sa={},this.Za&&(A(this.Za),this.Za=void 0),this.handleError(w(this.db)),ua("/"+this.filename),this.db=null)};e.prototype.handleError=function(f){if(0===f)return null;f=rc(this.db);throw Error(f);};e.prototype.Rb=function(){return x(this.db)};e.prototype.Kb=function(f,l){Object.prototype.hasOwnProperty.call(this.Sa,f)&&(A(this.Sa[f]),delete this.Sa[f]);var n=va(function(p,u,v){u=b(u,v);try{var K=l.apply(null,u)}catch(I){sa(p,I,-1);return}a(p,K)},"viii");this.Sa[f]=n;this.handleError(tb(this.db,
                                                                                                                                                                                               ^

Error: table allowed_ips has no column named is_subnet
    at e.handleError (/Users/thomas/app/badgeuse/node_modules/sql.js/dist/sql-wasm.js:90:192)
    at e.tb (/Users/thomas/app/badgeuse/node_modules/sql.js/dist/sql-wasm.js:88:454)
    at e.run (/Users/thomas/app/badgeuse/node_modules/sql.js/dist/sql-wasm.js:87:209)
    at run (/Users/thomas/app/badgeuse/server.js:74:30)
    at Server.<anonymous> (/Users/thomas/app/badgeuse/server.js:351:5)
    at process.processTicksAndRejections (node:internal/process/task_queues:104:5)

Node.js v24.15.0

🏢  Badgeuse Pro → http://localhost:3000
🔒  Données  : badgeuse.db (local, zéro tiers)
📋  Logs     : security.log
🛡️   Sécurité : bcrypt + rate limiting + brute-force protection

[2026-05-06 16:04:26] [WARN] UNAUTH_ACCESS | ip=127.0.0.1 | /api/admin/pointings
[2026-05-06 16:05:20] [WARN] POINT_IP_BLOCKED | ip=192.168.1.2 | IP non autorisée
[2026-05-06 16:05:24] [WARN] UNAUTH_ACCESS | ip=192.168.1.2 | /api/admin/pointings
[2026-05-06 16:05:26] [WARN] POINT_IP_BLOCKED | ip=192.168.1.2 | IP non autorisée
[2026-05-06 16:07:02] [WARN] POINT_IP_BLOCKED | ip=192.168.1.2 | IP non autorisée
[2026-05-06 16:07:04] [WARN] UNAUTH_ACCESS | ip=192.168.1.2 | /api/admin/pointings
[2026-05-06 16:07:06] [WARN] POINT_IP_BLOCKED | ip=192.168.1.2 | IP non autorisée
[2026-05-06 16:07:08] [WARN] UNAUTH_ACCESS | ip=192.168.1.2 | /api/admin/pointings
[2026-05-06 16:08:22] [WARN] UNAUTH_ACCESS | ip=192.168.1.2 | /api/admin/pointings
[2026-05-06 16:08:24] [WARN] POINT_IP_BLOCKED | ip=192.168.1.2 | IP non autorisée
[2026-05-06 16:08:52] [WARN] UNAUTH_ACCESS | ip=192.168.1.2 | /api/admin/pointings
[2026-05-06 16:09:08] [WARN] POINT_IP_BLOCKED | ip=192.168.1.2 | IP non autorisée
[2026-05-06 16:09:13] [WARN] POINT_IP_BLOCKED | ip=192.168.1.2 | IP non autorisée
[2026-05-06 16:10:13] [WARN] POINT_IP_BLOCKED | ip=192.168.1.3 | IP non autorisée
[2026-05-06 16:11:14] [WARN] POINT_IP_BLOCKED | ip=192.168.1.3 | IP non autorisée

🏢  Badgeuse Pro → http://localhost:3000
🔒  Données  : badgeuse.db (local, zéro tiers)
📋  Logs     : security.log
🛡️   Sécurité : bcrypt + rate limiting + brute-force protection

[2026-05-06 16:12:24] [WARN] UNAUTH_ACCESS | ip=127.0.0.1 | /api/admin/ips
[2026-05-06 16:12:27] [WARN] UNAUTH_ACCESS | ip=127.0.0.1 | /api/admin/pointings
[2026-05-06 16:13:06] [WARN] UNAUTH_ACCESS | ip=192.168.1.2 | /api/admin/pointings

🏢  Badgeuse Pro → http://localhost:3000
🔒  Données  : badgeuse.db (local, zéro tiers)
📋  Logs     : security.log
🛡️   Sécurité : bcrypt + rate limiting + brute-force protection

[2026-05-06 16:21:04] [WARN] UNAUTH_ACCESS | ip=127.0.0.1 | /api/admin/pointings
[2026-05-06 16:21:22] [WARN] UNAUTH_ACCESS | ip=192.168.1.2 | /api/admin/pointings
[2026-05-06 16:21:33] [WARN] POINT_IP_BLOCKED | ip=192.168.1.2 | IP non autorisée
[2026-05-06 16:21:52] [WARN] POINT_IP_BLOCKED | ip=192.168.1.2 | IP non autorisée
[2026-05-06 16:24:53] [WARN] RESET_TOTAL | ip=127.0.0.1 | Base effacée par admin
node:events:487
      throw er; // Unhandled 'error' event
      ^

Error: listen EADDRINUSE: address already in use 0.0.0.0:3000
    at Server.setupListenHandle [as _listen2] (node:net:2008:16)
    at listenInCluster (node:net:2065:12)
    at node:net:2274:7
    at process.processTicksAndRejections (node:internal/process/task_queues:90:21)
Emitted 'error' event on Server instance at:
    at emitErrorNT (node:net:2044:8)
    at process.processTicksAndRejections (node:internal/process/task_queues:90:21) {
  code: 'EADDRINUSE',
  errno: -48,
  syscall: 'listen',
  address: '0.0.0.0',
  port: 3000
}

Node.js v24.15.0
[2026-05-06 20:24:14] [WARN] UNAUTH_ACCESS | ip=127.0.0.1 | /api/admin/pointings
[2026-05-06 20:27:17] [WARN] UNAUTH_ACCESS | ip=192.168.1.2 | /api/admin/pointings
